Arguments: 
  C:\Program Files\nodejs\node.exe C:\Users\areej\AppData\Roaming\npm\node_modules\yarn\bin\yarn.js add muicss

PATH: 
  C:\Program Files\Git\mingw64\bin;C:\Program Files\Git\usr\bin;C:\Users\areej\bin;C:\Program Files\Common Files\Oracle\Java\javapath;C:\oraclexe\app\oracle\product\10.2.0\server\bin;C:\Program Files (x86)\Intel\iCLS Client;C:\Program Files\Intel\iCLS Client;C:\WINDOWS\system32;C:\WINDOWS;C:\WINDOWS\System32\Wbem;C:\WINDOWS\System32\WindowsPowerShell\v1.0;C:\Program Files (x86)\Intel\Intel(R) Management Engine Components\DAL;C:\Program Files\Intel\Intel(R) Management Engine Components\DAL;C:\Program Files (x86)\Intel\Intel(R) Management Engine Components\IPT;C:\Program Files\Intel\Intel(R) Management Engine Components\IPT;C:\WINDOWS\System32\OpenSSH;C:\Program Files\dotnet;C:\Program Files\MATLAB\R2013a\runtime\win64;C:\Program Files\MATLAB\R2013a\bin;C:\Program Files\Java\jdk-15\bin;C:\Program Files\Microsoft SQL Server\130\Tools\Binn;C:\Program Files\nodejs;C:\Program Files\Git\cmd;C:\Program Files\RedHat\java-1.8.0-openjdk-1.8.0.322-2\bin;C:\Program Files\RedHat\java-1.8.0-openjdk-1.8.0.322-2\jre\bin;C:\Users\areej\AppData\Local\Programs\Python\Python38\Scripts;C:\Users\areej\AppData\Local\Programs\Python\Python38;C:\Users\areej\AppData\Local\Microsoft\WindowsApps;C:\Users\areej\AppData\Local\Programs\Microsoft VS Code\bin;C:\src\flutter\bin;C:\Users\areej\AppData\Local\GitHubDesktop\bin;C:\Users\areej\.dotnet\tools;C:\Users\areej\AppData\Roaming\npm;C:\Program Files\JetBrains\IntelliJ IDEA Community Edition 2021.3.2\bin;C:\Program Files\JetBrains\IntelliJ IDEA 2021.3.2\bin

Yarn version: 
  1.22.17

Node version: 
  16.13.1

Platform: 
  win32 x64

Trace: 
  Error: https://registry.yarnpkg.com/@mui/icons-material/-/icons-material-5.5.0.tgz: ESOCKETTIMEDOUT
      at ClientRequest.<anonymous> (C:\Users\areej\AppData\Roaming\npm\node_modules\yarn\lib\cli.js:141510:19)
      at Object.onceWrapper (node:events:509:28)
      at ClientRequest.emit (node:events:390:28)
      at TLSSocket.emitRequestTimeout (node:_http_client:763:9)
      at Object.onceWrapper (node:events:509:28)
      at TLSSocket.emit (node:events:402:35)
      at TLSSocket.Socket._onTimeout (node:net:501:8)
      at listOnTimeout (node:internal/timers:557:17)
      at processTimers (node:internal/timers:500:7)

npm manifest: 
  {
    "name": "gpos",
    "version": "0.1.0",
    "private": true,
    "dependencies": {
      "@emotion/react": "^11.7.0",
      "@emotion/styled": "^11.6.0",
      "@material-ui/core": "^4.12.3",
      "@material-ui/data-grid": "^4.0.0-alpha.37",
      "@material-ui/icons": "^4.11.2",
      "@material-ui/lab": "^4.0.0-alpha.60",
      "@material-ui/x-grid": "^4.0.0-alpha.37",
      "@mui/icons-material": "^5.2.0",
      "@mui/material": "^5.2.2",
      "@mui/x-data-grid": "^5.6.0",
      "@mui/x-data-grid-generator": "^5.6.0",
      "@testing-library/jest-dom": "^5.16.0",
      "@testing-library/react": "^11.2.7",
      "@testing-library/user-event": "^12.8.3",
      "@types/react-redux": "^7.1.21",
      "apexcharts": "^3.32.0",
      "axios": "^0.24.0",
      "bootstrap": "^5.1.3",
      "date-fns": "^2.27.0",
      "formik": "^2.2.9",
      "jquery": "^3.6.0",
      "node-gyp": "^8.4.1",
      "react": "^17.0.2",
      "react-bootstrap": "^2.0.3",
      "react-dom": "^17.0.2",
      "react-helmet": "^6.1.0",
      "react-redux": "^7.2.6",
      "react-router": "^6.0.2",
      "react-router-dom": "^6.0.2",
      "react-scripts": "4.0.3",
      "react-yup": "^1.23.0",
      "recharts": "^2.1.8",
      "web-vitals": "^1.1.2",
      "xxxx": "^3.0.4",
      "yup": "^0.32.11"
    },
    "scripts": {
      "start": "react-scripts start",
      "build": "react-scripts build",
      "test": "react-scripts test",
      "eject": "react-scripts eject"
    },
    "eslintConfig": {
      "extends": [
        "react-app",
        "react-app/jest"
      ]
    },
    "browserslist": {
      "production": [
        ">0.2%",
        "not dead",
        "not op_mini all"
      ],
      "development": [
        "last 1 chrome version",
        "last 1 firefox version",
        "last 1 safari version"
      ]
    }
  }

yarn manifest: 
  No manifest

Lockfile: 
  No lockfile
